<?xml version="1.0" encoding="UTF-8"?>
<!-- Generated by org.testng.reporters.JUnitReportReporter -->
<testsuite hostname="DESKTOP-JIL93TC" failures="0" tests="1" name="tests.HomePage" time="2.310" errors="0" timestamp="2022-08-12T19:03:43 IDT" skipped="0">
  <testcase classname="tests.HomePage" name="CheckingMenuLinks" time="2.310"/>
  <system-out/>
</testsuite> <!-- tests.HomePage -->
